hw-4.4/hw-4.4/app/build/intermediates/manifest_merge_blame_file/debug/manifest-merger-blame-debug-report.txt
1<?xml version="1.0" encoding="utf-8"?>
2<manifest xmlns:android="http://schemas.android.com/apk/res/android"
3    package="com.example.android.tabexperiment"
4    android:versionCode="1"
5    android:versionName="1.0" >
6
7    <uses-sdk
8        android:minSdkVersion="16"
8-->src\main\AndroidManifest.xml
9        android:targetSdkVersion="26" />
9-->src\main\AndroidManifest.xml
10
11    <application
11-->src\main\AndroidManifest.xml:5:5-38:19
12        android:allowBackup="true"
12-->src\main\AndroidManifest.xml:6:9-35
13        android:debuggable="true"
14        android:icon="@mipmap/ic_launcher"
14-->src\main\AndroidManifest.xml:7:9-43
15        android:label="@string/app_name"
15-->src\main\AndroidManifest.xml:8:9-41
16        android:roundIcon="@mipmap/ic_launcher_round"
16-->src\main\AndroidManifest.xml:9:9-54
17        android:supportsRtl="true"
17-->src\main\AndroidManifest.xml:10:9-35
18        android:testOnly="true"
19        android:theme="@style/AppTheme" >
19-->src\main\AndroidManifest.xml:11:9-40
20        <activity
20-->src\main\AndroidManifest.xml:12:9-18:20
21            android:name="com.example.android.tabexperiment.icecream"
21-->src\main\AndroidManifest.xml:13:13-37
22            android:exported="true"
22-->src\main\AndroidManifest.xml:14:13-36
23            android:parentActivityName="com.example.android.tabexperiment.MainActivity" >
23-->src\main\AndroidManifest.xml:15:13-55
24            <meta-data
24-->src\main\AndroidManifest.xml:16:13-17:48
25                android:name="android.support.PARENT_ACTIVITY"
25-->src\main\AndroidManifest.xml:16:24-70
26                android:value=".MainActivity" />
26-->src\main\AndroidManifest.xml:17:17-46
27        </activity>
28        <activity
28-->src\main\AndroidManifest.xml:19:9-24:20
29            android:name="com.example.android.tabexperiment.froyo"
29-->src\main\AndroidManifest.xml:20:13-34
30            android:exported="true"
30-->src\main\AndroidManifest.xml:21:13-36
31            android:parentActivityName="com.example.android.tabexperiment.MainActivity" >
31-->src\main\AndroidManifest.xml:21:37-79
32            <meta-data
32-->src\main\AndroidManifest.xml:16:13-17:48
33                android:name="android.support.PARENT_ACTIVITY"
33-->src\main\AndroidManifest.xml:16:24-70
34                android:value=".MainActivity" />
34-->src\main\AndroidManifest.xml:17:17-46
35        </activity>
36        <activity
36-->src\main\AndroidManifest.xml:25:9-30:20
37            android:name="com.example.android.tabexperiment.donut"
37-->src\main\AndroidManifest.xml:26:13-34
38            android:exported="true"
38-->src\main\AndroidManifest.xml:27:13-36
39            android:parentActivityName="com.example.android.tabexperiment.MainActivity" >
39-->src\main\AndroidManifest.xml:27:37-79
40            <meta-data
40-->src\main\AndroidManifest.xml:16:13-17:48
41                android:name="android.support.PARENT_ACTIVITY"
41-->src\main\AndroidManifest.xml:16:24-70
42                android:value=".MainActivity" />
42-->src\main\AndroidManifest.xml:17:17-46
43        </activity>
44        <activity android:name="com.example.android.tabexperiment.MainActivity" >
44-->src\main\AndroidManifest.xml:31:9-37:20
44-->src\main\AndroidManifest.xml:31:19-47
45            <intent-filter>
45-->src\main\AndroidManifest.xml:32:13-36:29
46                <action android:name="android.intent.action.MAIN" />
46-->src\main\AndroidManifest.xml:33:17-69
46-->src\main\AndroidManifest.xml:33:25-66
47
48                <category android:name="android.intent.category.LAUNCHER" />
48-->src\main\AndroidManifest.xml:35:17-77
48-->src\main\AndroidManifest.xml:35:27-74
49            </intent-filter>
50        </activity>
51
52        <meta-data
52-->[com.android.support:design:26.1.0] AndroidManifest.xml:26:9-28:38
53            android:name="android.support.VERSION"
53-->[com.android.support:design:26.1.0] AndroidManifest.xml:27:13-51
54            android:value="26.1.0" />
54-->[com.android.support:design:26.1.0] AndroidManifest.xml:28:13-35
55        <meta-data
55-->[android.arch.lifecycle:runtime:1.0.0] AndroidManifest.xml:25:9-27:47
56            android:name="android.arch.lifecycle.VERSION"
56-->[android.arch.lifecycle:runtime:1.0.0] AndroidManifest.xml:26:13-58
57            android:value="27.0.0-SNAPSHOT" />
57-->[android.arch.lifecycle:runtime:1.0.0] AndroidManifest.xml:27:13-44
58    </application>
59
60</manifest>